R1 =  1038.4
R2 =  2039.8
R3 =  3025.9
R4 =  4049.7
R5 =  3118.4
R6 =  2065.2
R7 =  1011.4
G1 =  0.00096306
G2 =  0.00049024
G3 =  0.00033048
G4 =  0.00024693
G5 =  0.00032068
G6 =  0.00048422
G7 =  0.00098874
Va =  5.1036
Id =  0.0010126
Kb =  0.0072009
Kc =  8248.3
A =

   8113.90784  -3025.89288  -4049.65871      0.00000
    -21.78922     20.78922      0.00000      0.00000
  -4049.65871      0.00000  -1122.03953      0.00000
      0.00000      0.00000      0.00000      1.00000

B =

   5.10356
   0.00000
   0.00000
   0.00101

ans =

   0.00026094
   0.00027349
  -0.00094178
   0.00101265

C =

   0.00099   0.00000   0.00000   0.00000   0.00000   0.00000   0.00048   0.00000
   1.00000  -1.00000   0.00000   0.00000   0.00000   0.00000   0.00000   0.00000
   0.00000   0.00000   0.00000   0.00000   0.00000   1.00000  -1.00000   0.00000
   0.00000   0.00000   0.00000  -0.00049   0.00178  -0.00096   0.00000  -0.00033
   0.00000   0.00000   0.00032   0.00000   0.00033   0.00000   0.00073  -0.00090
   1.00000   0.00000   0.00000   0.00000   0.00000   0.00000   3.99398  -1.00000
   0.00000   0.00000   0.00000   0.00000   0.00096  -0.00096  -0.00073   0.00025
   0.00000   0.00000   0.00000  -0.00049   0.00769   0.00000   0.00000  -0.00720

D =

   0.00000
   0.00000
   5.10356
   0.00000
   0.00101
   0.00000
   0.00000
   0.00000

ans =

   -0.95250
   -0.95250
   10.82619
    6.21968
    6.77754
    7.04849
    1.94493
    6.81552

